Copyright 1986-2020 Xilinx, Inc. All Rights Reserved.
------------------------------------------------------------------------------------------------------------------------------------------
| Tool Version : Vivado v.2020.1 (lin64) Build 2902540 Wed May 27 19:54:35 MDT 2020
| Date         : Mon Jul 12 06:49:36 2021
| Host         : madorsky-d2.phys.ufl.edu running 64-bit CentOS Linux release 8.2.2004 (Core)
| Command      : report_drc -file ps_block_wrapper_drc_routed.rpt -pb ps_block_wrapper_drc_routed.pb -rpx ps_block_wrapper_drc_routed.rpx
| Design       : ps_block_wrapper
| Device       : xczu4cg-sfvc784-2-e
| Speed File   : -2
| Design State : Fully Routed
------------------------------------------------------------------------------------------------------------------------------------------

Report DRC

Table of Contents
-----------------
1. REPORT SUMMARY
2. REPORT DETAILS

1. REPORT SUMMARY
-----------------
            Netlist: netlist
          Floorplan: design_1
      Design limits: <entire design considered>
           Ruledeck: default
             Max violations: <unlimited>
             Violations found: 0
+------+----------+-------------+------------+
| Rule | Severity | Description | Violations |
+------+----------+-------------+------------+
+------+----------+-------------+------------+

2. REPORT DETAILS
-----------------

