Copyright 1986-2020 Xilinx, Inc. All Rights Reserved.
----------------------------------------------------------------------------------------------
| Tool Version : Vivado v.2020.1 (lin64) Build 2902540 Wed May 27 19:54:35 MDT 2020
| Date         : Mon Jul 12 06:49:10 2021
| Host         : madorsky-d2.phys.ufl.edu running 64-bit CentOS Linux release 8.2.2004 (Core)
| Command      : report_control_sets -verbose -file ps_block_wrapper_control_sets_placed.rpt
| Design       : ps_block_wrapper
| Device       : xczu4cg
----------------------------------------------------------------------------------------------

Control Set Information

Table of Contents
-----------------
1. Summary
2. Histogram
3. Flip-Flop Distribution
4. Detailed Control Set Information

1. Summary
----------

+----------------------------------------------------------+-------+
|                          Status                          | Count |
+----------------------------------------------------------+-------+
| Total control sets                                       |    42 |
|    Minimum number of control sets                        |    42 |
|    Addition due to synthesis replication                 |     0 |
|    Addition due to physical synthesis replication        |     0 |
| Unused register locations in slices containing registers |    57 |
+----------------------------------------------------------+-------+
* Control sets can be merged at opt_design using control_set_merge or merge_equivalent_drivers
** Run report_qor_suggestions for automated merging and remapping suggestions


2. Histogram
------------

+--------------------+-------+
|       Fanout       | Count |
+--------------------+-------+
| Total control sets |    42 |
| >= 0 to < 4        |     4 |
| >= 4 to < 6        |     8 |
| >= 6 to < 8        |     2 |
| >= 8 to < 10       |     5 |
| >= 10 to < 12      |     0 |
| >= 12 to < 14      |     0 |
| >= 14 to < 16      |     0 |
| >= 16              |    23 |
+--------------------+-------+
* Control sets can be remapped at either synth_design or opt_design


3. Flip-Flop Distribution
-------------------------

+--------------+-----------------------+------------------------+-----------------+--------------+
| Clock Enable | Synchronous Set/Reset | Asynchronous Set/Reset | Total Registers | Total Slices |
+--------------+-----------------------+------------------------+-----------------+--------------+
| No           | No                    | No                     |             476 |          104 |
| No           | No                    | Yes                    |               0 |            0 |
| No           | Yes                   | No                     |             197 |           45 |
| Yes          | No                    | No                     |             420 |           90 |
| Yes          | No                    | Yes                    |               0 |            0 |
| Yes          | Yes                   | No                     |             134 |           35 |
+--------------+-----------------------+------------------------+-----------------+--------------+


4. Detailed Control Set Information
-----------------------------------

+--------------------------------------------+----------------------------------------------------------------------------------------------------------------------------------------------------------+------------------------------------------------------------------------------------------------------------------------------------+------------------+----------------+--------------+
|                Clock Signal                |                                                                       Enable Signal                                                                      |                                                          Set/Reset Signal                                                          | Slice Load Count | Bel Load Count | Bels / Slice |
+--------------------------------------------+----------------------------------------------------------------------------------------------------------------------------------------------------------+------------------------------------------------------------------------------------------------------------------------------------+------------------+----------------+--------------+
|  ps_block_i/zynq_ultra_ps_e_0/inst/pl_clk0 | ps_block_i/ps8_0_axi_periph/s00_couplers/auto_pc/inst/gen_axilite.gen_b2s_conv.axilite_b2s/WR.b_channel_0/bid_fifo_0/cnt_read[1]_i_1_n_0                 | ps_block_i/ps8_0_axi_periph/s00_couplers/auto_pc/inst/gen_axilite.gen_b2s_conv.axilite_b2s/areset_d1                               |                1 |              2 |         2.00 |
|  ps_block_i/zynq_ultra_ps_e_0/inst/pl_clk0 | ps_block_i/ps8_0_axi_periph/s00_couplers/auto_pc/inst/gen_axilite.gen_b2s_conv.axilite_b2s/WR.b_channel_0/bid_fifo_0/E[0]                                | ps_block_i/ps8_0_axi_periph/s00_couplers/auto_pc/inst/gen_axilite.gen_b2s_conv.axilite_b2s/areset_d1                               |                1 |              2 |         2.00 |
|  ps_block_i/zynq_ultra_ps_e_0/inst/pl_clk0 | ps_block_i/axi_gpio_0/U0/AXI_LITE_IPIF_I/I_SLAVE_ATTACHMENT/is_read_i_1_n_0                                                                              | ps_block_i/axi_gpio_0/U0/AXI_LITE_IPIF_I/I_SLAVE_ATTACHMENT/SR[0]                                                                  |                1 |              2 |         2.00 |
|  ps_block_i/zynq_ultra_ps_e_0/inst/pl_clk0 |                                                                                                                                                          | ps_block_i/rst_ps8_0_96M/U0/peripheral_aresetn[0]                                                                                  |                1 |              2 |         2.00 |
|  ps_block_i/zynq_ultra_ps_e_0/inst/pl_clk0 | ps_block_i/axi_gpio_0/U0/AXI_LITE_IPIF_I/I_SLAVE_ATTACHMENT/start2                                                                                       | ps_block_i/axi_gpio_0/U0/AXI_LITE_IPIF_I/I_SLAVE_ATTACHMENT/I_DECODER/cs_ce_clr                                                    |                1 |              4 |         4.00 |
|  ps_block_i/zynq_ultra_ps_e_0/inst/pl_clk0 | ps_block_i/axi_gpio_0/U0/AXI_LITE_IPIF_I/I_SLAVE_ATTACHMENT/bus2ip_addr_i[8]_i_1_n_0                                                                     | ps_block_i/axi_gpio_0/U0/AXI_LITE_IPIF_I/I_SLAVE_ATTACHMENT/SR[0]                                                                  |                2 |              4 |         2.00 |
|  ps_block_i/zynq_ultra_ps_e_0/inst/pl_clk0 |                                                                                                                                                          | ps_block_i/ps8_0_axi_periph/s00_couplers/auto_pc/inst/gen_axilite.gen_b2s_conv.axilite_b2s/SI_REG/aw.aw_pipe/aresetn_d_reg[0]_1    |                1 |              4 |         4.00 |
|  ps_block_i/zynq_ultra_ps_e_0/inst/pl_clk0 |                                                                                                                                                          | ps_block_i/ps8_0_axi_periph/s00_couplers/auto_pc/inst/gen_axilite.gen_b2s_conv.axilite_b2s/SI_REG/ar.ar_pipe/aresetn_d_reg_n_0_[1] |                1 |              4 |         4.00 |
|  ps_block_i/zynq_ultra_ps_e_0/inst/pl_clk0 |                                                                                                                                                          | ps_block_i/axi_gpio_0/U0/AXI_LITE_IPIF_I/I_SLAVE_ATTACHMENT/clear                                                                  |                2 |              4 |         2.00 |
|  ps_block_i/zynq_ultra_ps_e_0/inst/pl_clk0 |                                                                                                                                                          | ps_block_i/rst_ps8_0_96M/U0/EXT_LPF/lpf_int                                                                                        |                2 |              4 |         2.00 |
|  ps_block_i/zynq_ultra_ps_e_0/inst/pl_clk0 | ps_block_i/ps8_0_axi_periph/s00_couplers/auto_pc/inst/gen_axilite.gen_b2s_conv.axilite_b2s/RD.r_channel_0/transaction_fifo_0/cnt_read[4]_i_1__0_n_0      | ps_block_i/ps8_0_axi_periph/s00_couplers/auto_pc/inst/gen_axilite.gen_b2s_conv.axilite_b2s/areset_d1                               |                1 |              5 |         5.00 |
|  ps_block_i/zynq_ultra_ps_e_0/inst/pl_clk0 | ps_block_i/ps8_0_axi_periph/s00_couplers/auto_pc/inst/gen_axilite.gen_b2s_conv.axilite_b2s/RD.r_channel_0/rd_data_fifo_0/cnt_read[4]_i_1_n_0             | ps_block_i/ps8_0_axi_periph/s00_couplers/auto_pc/inst/gen_axilite.gen_b2s_conv.axilite_b2s/areset_d1                               |                2 |              5 |         2.50 |
|  ps_block_i/zynq_ultra_ps_e_0/inst/pl_clk0 |                                                                                                                                                          | ps_block_i/ps8_0_axi_periph/s00_couplers/auto_pc/inst/gen_axilite.gen_b2s_conv.axilite_b2s/areset_d1                               |                4 |              6 |         1.50 |
|  ps_block_i/zynq_ultra_ps_e_0/inst/pl_clk0 | ps_block_i/rst_ps8_0_96M/U0/SEQ/seq_cnt_en                                                                                                               | ps_block_i/rst_ps8_0_96M/U0/SEQ/seq_clr                                                                                            |                1 |              6 |         6.00 |
|  ps_block_i/zynq_ultra_ps_e_0/inst/pl_clk0 | ps_block_i/ps8_0_axi_periph/s00_couplers/auto_pc/inst/gen_axilite.gen_b2s_conv.axilite_b2s/WR.b_channel_0/mhandshake_r                                   | ps_block_i/ps8_0_axi_periph/s00_couplers/auto_pc/inst/gen_axilite.gen_b2s_conv.axilite_b2s/WR.b_channel_0/bid_fifo_0/SR[0]         |                2 |              8 |         4.00 |
|  ps_block_i/zynq_ultra_ps_e_0/inst/pl_clk0 | ps_block_i/ps8_0_axi_periph/s00_couplers/auto_pc/inst/gen_axilite.gen_b2s_conv.axilite_b2s/RD.ar_channel_0/ar_cmd_fsm_0/E[0]                             |                                                                                                                                    |                3 |              9 |         3.00 |
|  ps_block_i/zynq_ultra_ps_e_0/inst/pl_clk0 | ps_block_i/ps8_0_axi_periph/s00_couplers/auto_pc/inst/gen_axilite.gen_b2s_conv.axilite_b2s/WR.aw_channel_0/aw_cmd_fsm_0/sel_first_reg[0]                 |                                                                                                                                    |                4 |              9 |         2.25 |
|  ps_block_i/zynq_ultra_ps_e_0/inst/pl_clk0 | ps_block_i/ps8_0_axi_periph/s00_couplers/auto_pc/inst/gen_axilite.gen_b2s_conv.axilite_b2s/RD.ar_channel_0/ar_cmd_fsm_0/sel_first_reg_1[0]               |                                                                                                                                    |                4 |              9 |         2.25 |
|  ps_block_i/zynq_ultra_ps_e_0/inst/pl_clk0 | ps_block_i/ps8_0_axi_periph/s00_couplers/auto_pc/inst/gen_axilite.gen_b2s_conv.axilite_b2s/WR.aw_channel_0/aw_cmd_fsm_0/FSM_sequential_state_reg[0]_1[0] |                                                                                                                                    |                5 |              9 |         1.80 |
|  ps_block_i/zynq_ultra_ps_e_0/inst/pl_clk0 | ps_block_i/ps8_0_axi_periph/s00_couplers/auto_pc/inst/gen_axilite.gen_b2s_conv.axilite_b2s/SI_REG/b.b_pipe/s_ready_i_reg_0                               |                                                                                                                                    |                3 |             16 |         5.33 |
|  ps_block_i/zynq_ultra_ps_e_0/inst/pl_clk0 | ps_block_i/ps8_0_axi_periph/s00_couplers/auto_pc/inst/gen_axilite.gen_b2s_conv.axilite_b2s/SI_REG/b.b_pipe/p_1_in                                        |                                                                                                                                    |                3 |             16 |         5.33 |
|  ps_block_i/zynq_ultra_ps_e_0/inst/pl_clk0 | ps_block_i/ps8_0_axi_periph/s00_couplers/auto_pc/inst/gen_axilite.gen_b2s_conv.axilite_b2s/RD.r_channel_0/r_push_r                                       |                                                                                                                                    |                5 |             17 |         3.40 |
|  ps_block_i/zynq_ultra_ps_e_0/inst/pl_clk0 | ps_block_i/ps8_0_axi_periph/s00_couplers/auto_pc/inst/gen_axilite.gen_b2s_conv.axilite_b2s/WR.aw_channel_0/aw_cmd_fsm_0/E[0]                             |                                                                                                                                    |                8 |             21 |         2.62 |
|  ps_block_i/zynq_ultra_ps_e_0/inst/pl_clk0 | ps_block_i/ps8_0_axi_periph/s00_couplers/auto_pc/inst/gen_axilite.gen_b2s_conv.axilite_b2s/RD.ar_channel_0/ar_cmd_fsm_0/m_valid_i_reg[0]                 |                                                                                                                                    |                8 |             21 |         2.62 |
|  ps_block_i/zynq_ultra_ps_e_0/inst/pl_clk0 | ps_block_i/ps8_0_axi_periph/s00_couplers/auto_pc/inst/gen_axilite.gen_b2s_conv.axilite_b2s/WR.aw_channel_0/aw_cmd_fsm_0/cnt_read_reg[0]                  |                                                                                                                                    |                2 |             24 |        12.00 |
|  ps_block_i/clkTestTop_0/inst/refclk[0]    |                                                                                                                                                          | ps_block_i/clkTestTop_0/inst/fm/cnt_rst                                                                                            |                5 |             32 |         6.40 |
|  ps_block_i/zynq_ultra_ps_e_0/inst/pl_clk0 | ps_block_i/ps8_0_axi_periph/s00_couplers/auto_pc/inst/gen_axilite.gen_b2s_conv.axilite_b2s/RD.r_channel_0/rd_data_fifo_0/wr_en0                          |                                                                                                                                    |                4 |             32 |         8.00 |
|  ps_block_i/zynq_ultra_ps_e_0/inst/pl_clk0 | ps_block_i/axi_gpio_0/U0/AXI_LITE_IPIF_I/I_SLAVE_ATTACHMENT/I_DECODER/bus2ip_rnw_i_reg[0]                                                                | ps_block_i/axi_gpio_0/U0/AXI_LITE_IPIF_I/I_SLAVE_ATTACHMENT/SR[0]                                                                  |               14 |             32 |         2.29 |
|  ps_block_i/zynq_ultra_ps_e_0/inst/pl_clk0 | ps_block_i/axi_gpio_0/U0/AXI_LITE_IPIF_I/I_SLAVE_ATTACHMENT/I_DECODER/E[0]                                                                               | ps_block_i/axi_gpio_0/U0/AXI_LITE_IPIF_I/I_SLAVE_ATTACHMENT/SR[0]                                                                  |               12 |             32 |         2.67 |
|  ps_block_i/zynq_ultra_ps_e_0/inst/pl_clk0 | ps_block_i/axi_gpio_0/U0/AXI_LITE_IPIF_I/I_SLAVE_ATTACHMENT/s_axi_rresp_i                                                                                | ps_block_i/axi_gpio_0/U0/AXI_LITE_IPIF_I/I_SLAVE_ATTACHMENT/SR[0]                                                                  |                8 |             32 |         4.00 |
|  ps_block_i/clkTestTop_0/inst/fclk         |                                                                                                                                                          |                                                                                                                                    |                4 |             32 |         8.00 |
|  ps_block_i/clkTestTop_0/inst/refclk[1]    |                                                                                                                                                          | ps_block_i/clkTestTop_0/inst/fm/cnt_rst                                                                                            |                5 |             32 |         6.40 |
|  ps_block_i/zynq_ultra_ps_e_0/inst/pl_clk0 | ps_block_i/ps8_0_axi_periph/s00_couplers/auto_pc/inst/gen_axilite.gen_b2s_conv.axilite_b2s/SI_REG/ar.ar_pipe/s_ready_i_reg_0                             |                                                                                                                                    |               13 |             37 |         2.85 |
|  ps_block_i/zynq_ultra_ps_e_0/inst/pl_clk0 | ps_block_i/ps8_0_axi_periph/s00_couplers/auto_pc/inst/gen_axilite.gen_b2s_conv.axilite_b2s/SI_REG/aw.aw_pipe/s_ready_i_reg_0                             |                                                                                                                                    |               10 |             37 |         3.70 |
|  ps_block_i/zynq_ultra_ps_e_0/inst/pl_clk0 | ps_block_i/ps8_0_axi_periph/s00_couplers/auto_pc/inst/gen_axilite.gen_b2s_conv.axilite_b2s/RD.ar_channel_0/ar_cmd_fsm_0/m_valid_i_reg_0[0]               |                                                                                                                                    |               13 |             37 |         2.85 |
|  ps_block_i/zynq_ultra_ps_e_0/inst/pl_clk0 | ps_block_i/ps8_0_axi_periph/s00_couplers/auto_pc/inst/gen_axilite.gen_b2s_conv.axilite_b2s/WR.aw_channel_0/aw_cmd_fsm_0/m_valid_i_reg[0]                 |                                                                                                                                    |               10 |             37 |         3.70 |
|  ps_block_i/zynq_ultra_ps_e_0/inst/pl_clk0 |                                                                                                                                                          | ps_block_i/axi_gpio_0/U0/AXI_LITE_IPIF_I/I_SLAVE_ATTACHMENT/SR[0]                                                                  |               16 |             45 |         2.81 |
|  ps_block_i/zynq_ultra_ps_e_0/inst/pl_clk0 | ps_block_i/ps8_0_axi_periph/s00_couplers/auto_pc/inst/gen_axilite.gen_b2s_conv.axilite_b2s/SI_REG/r.r_pipe/si_rs_rready                                  |                                                                                                                                    |               12 |             49 |         4.08 |
|  ps_block_i/zynq_ultra_ps_e_0/inst/pl_clk0 | ps_block_i/ps8_0_axi_periph/s00_couplers/auto_pc/inst/gen_axilite.gen_b2s_conv.axilite_b2s/SI_REG/r.r_pipe/p_1_in                                        |                                                                                                                                    |               12 |             49 |         4.08 |
|  ps_block_i/zynq_ultra_ps_e_0/inst/pl_clk0 |                                                                                                                                                          | ps_block_i/axi_gpio_0/U0/AXI_LITE_IPIF_I/I_SLAVE_ATTACHMENT/I_DECODER/bus2ip_rnw_i_reg_2                                           |               19 |             64 |         3.37 |
|  ps_block_i/clkTestTop_0/inst/fclk         | ps_block_i/clkTestTop_0/inst/fm/load                                                                                                                     |                                                                                                                                    |               31 |             64 |         2.06 |
|  ps_block_i/zynq_ultra_ps_e_0/inst/pl_clk0 |                                                                                                                                                          |                                                                                                                                    |              100 |            445 |         4.45 |
+--------------------------------------------+----------------------------------------------------------------------------------------------------------------------------------------------------------+------------------------------------------------------------------------------------------------------------------------------------+------------------+----------------+--------------+


