Copyright 1986-2020 Xilinx, Inc. All Rights Reserved.
---------------------------------------------------------------------------------------------------------------------------
| Tool Version : Vivado v.2020.1 (lin64) Build 2902540 Wed May 27 19:54:35 MDT 2020
| Date         : Mon Jul 12 06:44:45 2021
| Host         : madorsky-d2.phys.ufl.edu running 64-bit CentOS Linux release 8.2.2004 (Core)
| Command      : report_utilization -file ps_block_wrapper_utilization_synth.rpt -pb ps_block_wrapper_utilization_synth.pb
| Design       : ps_block_wrapper
| Device       : xczu4cgsfvc784-2
| Design State : Synthesized
---------------------------------------------------------------------------------------------------------------------------

Utilization Design Information

Table of Contents
-----------------
1. CLB Logic
1.1 Summary of Registers by Type
2. BLOCKRAM
3. ARITHMETIC
4. I/O
5. CLOCK
6. ADVANCED
7. CONFIGURATION
8. Primitives
9. Black Boxes
10. Instantiated Netlists

1. CLB Logic
------------

+----------------------------+------+-------+-----------+-------+
|          Site Type         | Used | Fixed | Available | Util% |
+----------------------------+------+-------+-----------+-------+
| CLB LUTs*                  |  960 |     0 |     87840 |  1.09 |
|   LUT as Logic             |  882 |     0 |     87840 |  1.00 |
|   LUT as Memory            |   78 |     0 |     57600 |  0.14 |
|     LUT as Distributed RAM |    0 |     0 |           |       |
|     LUT as Shift Register  |   78 |     0 |           |       |
| CLB Registers              | 1463 |     0 |    175680 |  0.83 |
|   Register as Flip Flop    | 1463 |     0 |    175680 |  0.83 |
|   Register as Latch        |    0 |     0 |    175680 |  0.00 |
| CARRY8                     |   12 |     0 |     14640 |  0.08 |
| F7 Muxes                   |    5 |     0 |     58560 | <0.01 |
| F8 Muxes                   |    0 |     0 |     29280 |  0.00 |
| F9 Muxes                   |    0 |     0 |     14640 |  0.00 |
+----------------------------+------+-------+-----------+-------+
* Warning! The Final LUT count, after physical optimizations and full implementation, is typically lower. Run opt_design after synthesis, if not already completed, for a more realistic count.


1.1 Summary of Registers by Type
--------------------------------

+-------+--------------+-------------+--------------+
| Total | Clock Enable | Synchronous | Asynchronous |
+-------+--------------+-------------+--------------+
| 0     |            _ |           - |            - |
| 0     |            _ |           - |          Set |
| 0     |            _ |           - |        Reset |
| 0     |            _ |         Set |            - |
| 0     |            _ |       Reset |            - |
| 0     |          Yes |           - |            - |
| 0     |          Yes |           - |          Set |
| 0     |          Yes |           - |        Reset |
| 85    |          Yes |         Set |            - |
| 1378  |          Yes |       Reset |            - |
+-------+--------------+-------------+--------------+


2. BLOCKRAM
-----------

+----------------+------+-------+-----------+-------+
|    Site Type   | Used | Fixed | Available | Util% |
+----------------+------+-------+-----------+-------+
| Block RAM Tile |    0 |     0 |       128 |  0.00 |
|   RAMB36/FIFO* |    0 |     0 |       128 |  0.00 |
|   RAMB18       |    0 |     0 |       256 |  0.00 |
| URAM           |    0 |     0 |        48 |  0.00 |
+----------------+------+-------+-----------+-------+
* Note: Each Block RAM Tile only has one FIFO logic available and therefore can accommodate only one FIFO36E2 or one FIFO18E2. However, if a FIFO18E2 occupies a Block RAM Tile, that tile can still accommodate a RAMB18E2


3. ARITHMETIC
-------------

+-----------+------+-------+-----------+-------+
| Site Type | Used | Fixed | Available | Util% |
+-----------+------+-------+-----------+-------+
| DSPs      |    0 |     0 |       728 |  0.00 |
+-----------+------+-------+-----------+-------+


4. I/O
------

+------------+------+-------+-----------+-------+
|  Site Type | Used | Fixed | Available | Util% |
+------------+------+-------+-----------+-------+
| Bonded IOB |    2 |     0 |       252 |  0.79 |
+------------+------+-------+-----------+-------+


5. CLOCK
--------

+----------------------+------+-------+-----------+-------+
|       Site Type      | Used | Fixed | Available | Util% |
+----------------------+------+-------+-----------+-------+
| GLOBAL CLOCK BUFFERs |    4 |     0 |       352 |  1.14 |
|   BUFGCE             |    1 |     0 |       112 |  0.89 |
|   BUFGCE_DIV         |    0 |     0 |        16 |  0.00 |
|   BUFG_GT            |    2 |     0 |        96 |  2.08 |
|   BUFG_PS            |    1 |     0 |        96 |  1.04 |
|   BUFGCTRL*          |    0 |     0 |        32 |  0.00 |
| PLL                  |    0 |     0 |         8 |  0.00 |
| MMCM                 |    0 |     0 |         4 |  0.00 |
+----------------------+------+-------+-----------+-------+
* Note: Each used BUFGCTRL counts as two GLOBAL CLOCK BUFFERs. This table does not include global clocking resources, only buffer cell usage. See the Clock Utilization Report (report_clock_utilization) for detailed accounting of global clocking resource availability.


6. ADVANCED
-----------

+-----------------+------+-------+-----------+--------+
|    Site Type    | Used | Fixed | Available |  Util% |
+-----------------+------+-------+-----------+--------+
| GTHE4_CHANNEL   |    0 |     0 |         4 |   0.00 |
| GTHE4_COMMON    |    0 |     0 |         1 |   0.00 |
| OBUFDS_GTE4     |    0 |     0 |         2 |   0.00 |
| OBUFDS_GTE4_ADV |    0 |     0 |         2 |   0.00 |
| PCIE40E4        |    0 |     0 |         2 |   0.00 |
| PS8             |    1 |     0 |         1 | 100.00 |
| SYSMONE4        |    0 |     0 |         1 |   0.00 |
+-----------------+------+-------+-----------+--------+


7. CONFIGURATION
----------------

+-------------+------+-------+-----------+-------+
|  Site Type  | Used | Fixed | Available | Util% |
+-------------+------+-------+-----------+-------+
| BSCANE2     |    0 |     0 |         4 |  0.00 |
| DNA_PORTE2  |    0 |     0 |         1 |  0.00 |
| EFUSE_USR   |    0 |     0 |         1 |  0.00 |
| FRAME_ECCE4 |    0 |     0 |         1 |  0.00 |
| ICAPE3      |    0 |     0 |         2 |  0.00 |
| MASTER_JTAG |    0 |     0 |         1 |  0.00 |
| STARTUPE3   |    0 |     0 |         1 |  0.00 |
+-------------+------+-------+-----------+-------+


8. Primitives
-------------

+--------------+------+---------------------+
|   Ref Name   | Used | Functional Category |
+--------------+------+---------------------+
| FDRE         | 1378 |            Register |
| LUT1         |  314 |                 CLB |
| LUT3         |  248 |                 CLB |
| LUT5         |  196 |                 CLB |
| LUT6         |  171 |                 CLB |
| FDSE         |   85 |            Register |
| LUT4         |   73 |                 CLB |
| SRLC32E      |   51 |                 CLB |
| LUT2         |   48 |                 CLB |
| SRL16E       |   27 |                 CLB |
| CARRY8       |   12 |                 CLB |
| MUXF7        |    5 |                 CLB |
| IBUFDS_GTE4  |    2 |                 I/O |
| BUFG_GT_SYNC |    2 |               Clock |
| BUFG_GT      |    2 |               Clock |
| PS8          |    1 |            Advanced |
| IBUFCTRL     |    1 |              Others |
| DIFFINBUF    |    1 |                 I/O |
| BUFG_PS      |    1 |               Clock |
| BUFGCE       |    1 |               Clock |
+--------------+------+---------------------+


9. Black Boxes
--------------

+----------+------+
| Ref Name | Used |
+----------+------+


10. Instantiated Netlists
-------------------------

+----------+------+
| Ref Name | Used |
+----------+------+


