#-----------------------------------------------------------
# Vivado v2020.1 (64-bit)
# SW Build 2902540 on Wed May 27 19:54:35 MDT 2020
# IP Build 2902112 on Wed May 27 22:43:36 MDT 2020
# Start of session at: Tue Jul 13 02:54:59 2021
# Process ID: 1544960
# Current directory: /home/bhalerao/kushal/ELM_test_suites/vivadoProjects/elmGit/ELM_Bring_up_Petalinux/myproj
# Command line: vivado project_1.xpr
# Log file: /home/bhalerao/kushal/ELM_test_suites/vivadoProjects/elmGit/ELM_Bring_up_Petalinux/myproj/vivado.log
# Journal file: /home/bhalerao/kushal/ELM_test_suites/vivadoProjects/elmGit/ELM_Bring_up_Petalinux/myproj/vivado.jou
#-----------------------------------------------------------
start_gui
open_project project_1.xpr
INFO: [Project 1-313] Project file moved from '/home/bhalerao/kushal/ELM_test_suites/vivadoProjects/clkTestProj/elmClkTest/clkTestElmReg/myproj' since last save.
Scanning sources...
Finished scanning sources
INFO: [filemgmt 56-1] IP Repository Path: Directory not found as '/home/bhalerao/kushal/ELM_test_suites/vivadoProjects/elmGit/clkTestElmwovio/clkTestElm'; using path '/home/bhalerao/kushal/ELM_test_suites/vivadoProjects/clkTestProj/elmClkTest/clkTestElmwovio/clkTestElm' instead.
INFO: [IP_Flow 19-234] Refreshing IP repositories
INFO: [IP_Flow 19-1700] Loaded user IP repository '/home/bhalerao/kushal/ELM_test_suites/vivadoProjects/clkTestProj/elmClkTest/clkTestElmwovio/clkTestElm'.
INFO: [IP_Flow 19-2313] Loaded Vivado IP repository '/home/software/xilinx/Vivado/2020.1/data/ip'.
WARNING: [IP_Flow 19-3899] Cannot get the environment domain name variable for the component vendor name. Setting the vendor name to 'user.org'.
open_project: Time (s): cpu = 00:00:39 ; elapsed = 00:00:22 . Memory (MB): peak = 7077.941 ; gain = 29.055 ; free physical = 11583 ; free virtual = 43769
update_compile_order -fileset sources_1
open_bd_design {/home/bhalerao/kushal/ELM_test_suites/vivadoProjects/elmGit/ELM_Bring_up_Petalinux/myproj/project_1.srcs/sources_1/bd/ps_block/ps_block.bd}
Adding component instance block -- xilinx.com:ip:zynq_ultra_ps_e:3.3 - zynq_ultra_ps_e_0
Adding component instance block -- xilinx.com:ip:axi_gpio:2.0 - axi_gpio_0
Adding component instance block -- user.org:user:clkTestTop:1.0 - clkTestTop_0
Adding component instance block -- xilinx.com:ip:axi_interconnect:2.1 - ps8_0_axi_periph
Adding component instance block -- xilinx.com:ip:axi_protocol_converter:2.1 - auto_pc
INFO: [BD 41-434] Could not find an IP with XCI file by name: ps_block_auto_pc_0 
Adding component instance block -- xilinx.com:ip:proc_sys_reset:5.0 - rst_ps8_0_96M
Successfully read diagram <ps_block> from BD file </home/bhalerao/kushal/ELM_test_suites/vivadoProjects/elmGit/ELM_Bring_up_Petalinux/myproj/project_1.srcs/sources_1/bd/ps_block/ps_block.bd>
INFO: [BD 41-433] 
Design successfully migrated to use XCI files...
open_bd_design: Time (s): cpu = 00:00:16 ; elapsed = 00:00:08 . Memory (MB): peak = 7178.992 ; gain = 0.000 ; free physical = 11479 ; free virtual = 43665
exit
INFO: [Common 17-206] Exiting Vivado at Tue Jul 13 02:58:58 2021...
