#-----------------------------------------------------------
# Vivado v2020.1 (64-bit)
# SW Build 2902540 on Wed May 27 19:54:35 MDT 2020
# IP Build 2902112 on Wed May 27 22:43:36 MDT 2020
# Start of session at: Fri Aug 13 03:24:10 2021
# Process ID: 1862822
# Current directory: /home/bhalerao/kushal/ELM_test_suites/vivadoProjects/elmGit/ELM_Bring_up_Petalinux/myproj
# Command line: vivado project_1.xpr
# Log file: /home/bhalerao/kushal/ELM_test_suites/vivadoProjects/elmGit/ELM_Bring_up_Petalinux/myproj/vivado.log
# Journal file: /home/bhalerao/kushal/ELM_test_suites/vivadoProjects/elmGit/ELM_Bring_up_Petalinux/myproj/vivado.jou
#-----------------------------------------------------------
start_gui
open_project project_1.xpr
Scanning sources...
Finished scanning sources
INFO: [IP_Flow 19-234] Refreshing IP repositories
INFO: [IP_Flow 19-1700] Loaded user IP repository '/home/bhalerao/kushal/ELM_test_suites/vivadoProjects/clkTestProj/elmClkTest/clkTestElmwovio/clkTestElm'.
INFO: [IP_Flow 19-2313] Loaded Vivado IP repository '/home/software/xilinx/Vivado/2020.1/data/ip'.
open_project: Time (s): cpu = 00:00:32 ; elapsed = 00:00:24 . Memory (MB): peak = 7102.445 ; gain = 33.062 ; free physical = 764 ; free virtual = 37145
WARNING: [IP_Flow 19-3899] Cannot get the environment domain name variable for the component vendor name. Setting the vendor name to 'user.org'.
update_compile_order -fileset sources_1
update_module_reference ps_block_clkTestTop_0_0
INFO: [IP_Flow 19-234] Refreshing IP repositories
INFO: [IP_Flow 19-1700] Loaded user IP repository '/home/bhalerao/kushal/ELM_test_suites/vivadoProjects/clkTestProj/elmClkTest/clkTestElmwovio/clkTestElm'.
Adding component instance block -- xilinx.com:ip:zynq_ultra_ps_e:3.3 - zynq_ultra_ps_e_0
Adding component instance block -- xilinx.com:ip:axi_gpio:2.0 - axi_gpio_0
Adding component instance block -- xilinx.com:ip:proc_sys_reset:5.0 - rst_ps8_0_96M
Adding component instance block -- xilinx.com:ip:axi_interconnect:2.1 - ps8_0_axi_periph
Adding component instance block -- xilinx.com:ip:axi_crossbar:2.1 - xbar
Adding component instance block -- xilinx.com:ip:axi_protocol_converter:2.1 - auto_pc
Adding component instance block -- xilinx.com:ip:axi_dwidth_converter:2.1 - auto_ds
Adding component instance block -- xilinx.com:ip:axi_protocol_converter:2.1 - auto_pc
Adding component instance block -- xilinx.com:ip:debug_bridge:3.0 - debug_bridge_0
Adding component instance block -- xilinx.com:ip:debug_bridge:3.0 - debug_bridge_1
Adding component instance block -- xilinx.com:ip:vio:3.0 - vio_0
Adding component instance block -- xilinx.com:module_ref:clkTestTop:1.0 - clkTestTop_0
WARNING: [BD 41-1731] Type mismatch between connected pins: /clkTestTop_0/fclk_p(undef) and /vio_0/clk(clk)
Successfully read diagram <ps_block> from BD file </home/bhalerao/kushal/ELM_test_suites/vivadoProjects/elmGit/ELM_Bring_up_Petalinux/myproj/project_1.srcs/sources_1/bd/ps_block/ps_block.bd>
Upgrading '/home/bhalerao/kushal/ELM_test_suites/vivadoProjects/elmGit/ELM_Bring_up_Petalinux/myproj/project_1.srcs/sources_1/bd/ps_block/ps_block.bd'
INFO: [IP_Flow 19-1972] Upgraded ps_block_clkTestTop_0_0 from clkTestTop_v1_0 1.0 to clkTestTop_v1_0 1.0
WARNING: [IP_Flow 19-4698] Upgrade has added port 'enable'
WARNING: [IP_Flow 19-3298] Detected external port differences while upgrading 'ps_block_clkTestTop_0_0'. These changes may impact your design.
WARNING: [BD 41-1731] Type mismatch between connected pins: /vio_0/clk(clk) and /clkTestTop_0_upgraded_ipi/fclk_p(undef)
CRITICAL WARNING: [Coretcl 2-1280] The upgrade of 'ps_block_clkTestTop_0_0' has identified issues that may require user intervention. Please verify that the instance is correctly configured, and review any upgrade messages.
Wrote  : </home/bhalerao/kushal/ELM_test_suites/vivadoProjects/elmGit/ELM_Bring_up_Petalinux/myproj/project_1.srcs/sources_1/bd/ps_block/ps_block.bd> 
Wrote  : </home/bhalerao/kushal/ELM_test_suites/vivadoProjects/elmGit/ELM_Bring_up_Petalinux/myproj/project_1.srcs/sources_1/bd/ps_block/ui/bd_ebbe11d1.ui> 
upgrade_ip: Time (s): cpu = 00:00:18 ; elapsed = 00:00:09 . Memory (MB): peak = 7292.668 ; gain = 0.000 ; free physical = 615 ; free virtual = 36991
update_module_reference: Time (s): cpu = 00:00:29 ; elapsed = 00:00:14 . Memory (MB): peak = 7292.668 ; gain = 62.160 ; free physical = 615 ; free virtual = 36991
update_module_reference ps_block_clkTestTop_0_0
INFO: [IP_Flow 19-234] Refreshing IP repositories
INFO: [IP_Flow 19-1700] Loaded user IP repository '/home/bhalerao/kushal/ELM_test_suites/vivadoProjects/clkTestProj/elmClkTest/clkTestElmwovio/clkTestElm'.
Upgrading '/home/bhalerao/kushal/ELM_test_suites/vivadoProjects/elmGit/ELM_Bring_up_Petalinux/myproj/project_1.srcs/sources_1/bd/ps_block/ps_block.bd'
INFO: [IP_Flow 19-1972] Upgraded ps_block_clkTestTop_0_0 from clkTestTop_v1_0 1.0 to clkTestTop_v1_0 1.0
WARNING: [BD 41-1731] Type mismatch between connected pins: /vio_0/clk(clk) and /clkTestTop_0_upgraded_ipi/fclk_p(undef)
Wrote  : </home/bhalerao/kushal/ELM_test_suites/vivadoProjects/elmGit/ELM_Bring_up_Petalinux/myproj/project_1.srcs/sources_1/bd/ps_block/ps_block.bd> 
Wrote  : </home/bhalerao/kushal/ELM_test_suites/vivadoProjects/elmGit/ELM_Bring_up_Petalinux/myproj/project_1.srcs/sources_1/bd/ps_block/ui/bd_ebbe11d1.ui> 
reset_run synth_1
launch_runs impl_1 -to_step write_bitstream -jobs 4
WARNING: [BD 41-2121] Port s_axi_aclk associated reset port s_axi_lite_resetn does not exist
WARNING: [BD 41-237] Bus Interface property AWUSER_WIDTH does not match between /ps8_0_axi_periph/s01_couplers/auto_ds/S_AXI(0) and /zynq_ultra_ps_e_0/M_AXI_HPM1_FPD(16)
WARNING: [BD 41-237] Bus Interface property ARUSER_WIDTH does not match between /ps8_0_axi_periph/s01_couplers/auto_ds/S_AXI(0) and /zynq_ultra_ps_e_0/M_AXI_HPM1_FPD(16)
WARNING: [BD 41-237] Bus Interface property AWUSER_WIDTH does not match between /ps8_0_axi_periph/s00_couplers/auto_pc/S_AXI(0) and /zynq_ultra_ps_e_0/M_AXI_HPM0_LPD(16)
WARNING: [BD 41-237] Bus Interface property ARUSER_WIDTH does not match between /ps8_0_axi_periph/s00_couplers/auto_pc/S_AXI(0) and /zynq_ultra_ps_e_0/M_AXI_HPM0_LPD(16)
CRITICAL WARNING: [BD 41-759] The input pins (listed below) are either not connected or do not have a source port, and they don't have a tie-off specified. These pins are tied-off to all 0's to avoid error in Implementation flow.
Please check your design and connect them as needed: 
/clkTestTop_0/enable

Wrote  : </home/bhalerao/kushal/ELM_test_suites/vivadoProjects/elmGit/ELM_Bring_up_Petalinux/myproj/project_1.srcs/sources_1/bd/ps_block/ps_block.bd> 
Wrote  : </home/bhalerao/kushal/ELM_test_suites/vivadoProjects/elmGit/ELM_Bring_up_Petalinux/myproj/project_1.srcs/sources_1/bd/ps_block/ui/bd_ebbe11d1.ui> 
VHDL Output written to : /home/bhalerao/kushal/ELM_test_suites/vivadoProjects/elmGit/ELM_Bring_up_Petalinux/myproj/project_1.srcs/sources_1/bd/ps_block/synth/ps_block.v
VHDL Output written to : /home/bhalerao/kushal/ELM_test_suites/vivadoProjects/elmGit/ELM_Bring_up_Petalinux/myproj/project_1.srcs/sources_1/bd/ps_block/sim/ps_block.v
VHDL Output written to : /home/bhalerao/kushal/ELM_test_suites/vivadoProjects/elmGit/ELM_Bring_up_Petalinux/myproj/project_1.srcs/sources_1/bd/ps_block/hdl/ps_block_wrapper.v
INFO: [BD 41-1029] Generation completed for the IP Integrator block clkTestTop_0 .
Exporting to file /home/bhalerao/kushal/ELM_test_suites/vivadoProjects/elmGit/ELM_Bring_up_Petalinux/myproj/project_1.srcs/sources_1/bd/ps_block/ip/ps_block_debug_bridge_0_1/bd_0/hw_handoff/ps_block_debug_bridge_0_1.hwh
Generated Block Design Tcl file /home/bhalerao/kushal/ELM_test_suites/vivadoProjects/elmGit/ELM_Bring_up_Petalinux/myproj/project_1.srcs/sources_1/bd/ps_block/ip/ps_block_debug_bridge_0_1/bd_0/hw_handoff/ps_block_debug_bridge_0_1_bd.tcl
Generated Hardware Definition File /home/bhalerao/kushal/ELM_test_suites/vivadoProjects/elmGit/ELM_Bring_up_Petalinux/myproj/project_1.srcs/sources_1/bd/ps_block/ip/ps_block_debug_bridge_0_1/bd_0/synth/ps_block_debug_bridge_0_1.hwdef
Exporting to file /home/bhalerao/kushal/ELM_test_suites/vivadoProjects/elmGit/ELM_Bring_up_Petalinux/myproj/project_1.srcs/sources_1/bd/ps_block/ip/ps_block_debug_bridge_1_1/bd_0/hw_handoff/ps_block_debug_bridge_1_1.hwh
Generated Block Design Tcl file /home/bhalerao/kushal/ELM_test_suites/vivadoProjects/elmGit/ELM_Bring_up_Petalinux/myproj/project_1.srcs/sources_1/bd/ps_block/ip/ps_block_debug_bridge_1_1/bd_0/hw_handoff/ps_block_debug_bridge_1_1_bd.tcl
Generated Hardware Definition File /home/bhalerao/kushal/ELM_test_suites/vivadoProjects/elmGit/ELM_Bring_up_Petalinux/myproj/project_1.srcs/sources_1/bd/ps_block/ip/ps_block_debug_bridge_1_1/bd_0/synth/ps_block_debug_bridge_1_1.hwdef
WARNING: [IP_Flow 19-4994] Overwriting existing constraint file '/home/bhalerao/kushal/ELM_test_suites/vivadoProjects/elmGit/ELM_Bring_up_Petalinux/myproj/project_1.srcs/sources_1/bd/ps_block/ip/ps_block_auto_pc_0/ps_block_auto_pc_0_ooc.xdc'
INFO: [BD 41-1029] Generation completed for the IP Integrator block ps8_0_axi_periph/s00_couplers/auto_pc .
WARNING: [IP_Flow 19-4994] Overwriting existing constraint file '/home/bhalerao/kushal/ELM_test_suites/vivadoProjects/elmGit/ELM_Bring_up_Petalinux/myproj/project_1.srcs/sources_1/bd/ps_block/ip/ps_block_auto_ds_0/ps_block_auto_ds_0_ooc.xdc'
WARNING: [IP_Flow 19-5611] Unable to find an associated reset port for the interface 'S_AXI'. A default connection has been created.
WARNING: [IP_Flow 19-5611] Unable to find an associated reset port for the interface 'M_AXI'. A default connection has been created.
INFO: [BD 41-1029] Generation completed for the IP Integrator block ps8_0_axi_periph/s01_couplers/auto_ds .
WARNING: [IP_Flow 19-4994] Overwriting existing constraint file '/home/bhalerao/kushal/ELM_test_suites/vivadoProjects/elmGit/ELM_Bring_up_Petalinux/myproj/project_1.srcs/sources_1/bd/ps_block/ip/ps_block_auto_pc_1/ps_block_auto_pc_1_ooc.xdc'
INFO: [BD 41-1029] Generation completed for the IP Integrator block ps8_0_axi_periph/s01_couplers/auto_pc .
Exporting to file /home/bhalerao/kushal/ELM_test_suites/vivadoProjects/elmGit/ELM_Bring_up_Petalinux/myproj/project_1.srcs/sources_1/bd/ps_block/hw_handoff/ps_block.hwh
Generated Block Design Tcl file /home/bhalerao/kushal/ELM_test_suites/vivadoProjects/elmGit/ELM_Bring_up_Petalinux/myproj/project_1.srcs/sources_1/bd/ps_block/hw_handoff/ps_block_bd.tcl
Generated Hardware Definition File /home/bhalerao/kushal/ELM_test_suites/vivadoProjects/elmGit/ELM_Bring_up_Petalinux/myproj/project_1.srcs/sources_1/bd/ps_block/synth/ps_block.hwdef
[Fri Aug 13 03:38:07 2021] Launched synth_1...
Run output will be captured here: /home/bhalerao/kushal/ELM_test_suites/vivadoProjects/elmGit/ELM_Bring_up_Petalinux/myproj/project_1.runs/synth_1/runme.log
[Fri Aug 13 03:38:07 2021] Launched impl_1...
Run output will be captured here: /home/bhalerao/kushal/ELM_test_suites/vivadoProjects/elmGit/ELM_Bring_up_Petalinux/myproj/project_1.runs/impl_1/runme.log
launch_runs: Time (s): cpu = 00:00:35 ; elapsed = 00:00:35 . Memory (MB): peak = 7314.242 ; gain = 21.574 ; free physical = 356 ; free virtual = 36712
reset_run synth_1
